[22:13:42] [main/INFO]: Loading Minecraft 1.20.1 with Fabric Loader 0.15.11
[22:13:43] [main/INFO]: Loading 68 mods:
	- carryon 2.1.2.7
	- fabric-api 0.92.2+1.20.1
	   |-- fabric-api-base 0.4.31+1802ada577
	   |-- fabric-api-lookup-api-v1 1.6.36+1802ada577
	   |-- fabric-biome-api-v1 13.0.13+1802ada577
	   |-- fabric-block-api-v1 1.0.11+1802ada577
	   |-- fabric-block-view-api-v2 1.0.1+1802ada577
	   |-- fabric-blockrenderlayer-v1 1.1.41+1802ada577
	   |-- fabric-client-tags-api-v1 1.1.2+1802ada577
	   |-- fabric-command-api-v1 1.2.34+f71b366f77
	   |-- fabric-command-api-v2 2.2.13+1802ada577
	   |-- fabric-commands-v0 0.2.51+df3654b377
	   |-- fabric-containers-v0 0.1.64+df3654b377
	   |-- fabric-content-registries-v0 4.0.11+1802ada577
	   |-- fabric-convention-tags-v1 1.5.5+1802ada577
	   |-- fabric-crash-report-info-v1 0.2.19+1802ada577
	   |-- fabric-data-attachment-api-v1 1.0.0+de0fd6d177
	   |-- fabric-data-generation-api-v1 12.3.4+1802ada577
	   |-- fabric-dimensions-v1 2.1.54+1802ada577
	   |-- fabric-entity-events-v1 1.6.0+1c78457f77
	   |-- fabric-events-interaction-v0 0.6.2+1802ada577
	   |-- fabric-events-lifecycle-v0 0.2.63+df3654b377
	   |-- fabric-game-rule-api-v1 1.0.40+1802ada577
	   |-- fabric-item-api-v1 2.1.28+1802ada577
	   |-- fabric-item-group-api-v1 4.0.12+1802ada577
	   |-- fabric-key-binding-api-v1 1.0.37+1802ada577
	   |-- fabric-keybindings-v0 0.2.35+df3654b377
	   |-- fabric-lifecycle-events-v1 2.2.22+1802ada577
	   |-- fabric-loot-api-v2 1.2.1+1802ada577
	   |-- fabric-loot-tables-v1 1.1.45+9e7660c677
	   |-- fabric-message-api-v1 5.1.9+1802ada577
	   |-- fabric-mining-level-api-v1 2.1.50+1802ada577
	   |-- fabric-model-loading-api-v1 1.0.3+1802ada577
	   |-- fabric-models-v0 0.4.2+9386d8a777
	   |-- fabric-networking-api-v1 1.3.11+1802ada577
	   |-- fabric-networking-v0 0.3.51+df3654b377
	   |-- fabric-object-builder-api-v1 11.1.3+1802ada577
	   |-- fabric-particles-v1 1.1.2+1802ada577
	   |-- fabric-recipe-api-v1 1.0.21+1802ada577
	   |-- fabric-registry-sync-v0 2.3.3+1802ada577
	   |-- fabric-renderer-api-v1 3.2.1+1802ada577
	   |-- fabric-renderer-indigo 1.5.2+85287f9f77
	   |-- fabric-renderer-registries-v1 3.2.46+df3654b377
	   |-- fabric-rendering-data-attachment-v1 0.3.37+92a0d36777
	   |-- fabric-rendering-fluids-v1 3.0.28+1802ada577
	   |-- fabric-rendering-v0 1.1.49+df3654b377
	   |-- fabric-rendering-v1 3.0.8+1802ada577
	   |-- fabric-resource-conditions-api-v1 2.3.8+1802ada577
	   |-- fabric-resource-loader-v0 0.11.10+1802ada577
	   |-- fabric-screen-api-v1 2.0.8+1802ada577
	   |-- fabric-screen-handler-api-v1 1.3.30+1802ada577
	   |-- fabric-sound-api-v1 1.0.13+1802ada577
	   |-- fabric-transfer-api-v1 3.3.5+8dd72ea377
	   \-- fabric-transitive-access-wideners-v1 4.3.1+1802ada577
	- fabricloader 0.15.11
	   \-- mixinextras 0.3.5
	- ferritecore 6.0.1
	- java 21
	- minecraft 1.20.1
	- modernfix 5.19.0+mc1.20.1
	- servercore 1.5.1+1.20.1
	   |-- fabric-permissions-api-v0 0.3.1
	   |-- org_yaml_snakeyaml 2.2
	   |-- placeholder-api 2.1.3+1.20.1
	   |-- space_arim_dazzleconf_dazzleconf-core 1.3.0-M2
	   \-- space_arim_dazzleconf_dazzleconf-ext-snakeyaml 1.3.0-M2
	- serversleep_mr 1-datapack
	- spark 1.10.53
	- universal-graves 3.0.1+1.20.1
	   |-- common-protection-api 1.0.0
	   |-- placeholder-api 2.1.3+1.20.1
	   |-- polymer-core 0.5.19+1.20.1
	   |    |-- polymer-networking 0.5.19+1.20.1
	   |    |    \-- polymer-common 0.5.19+1.20.1
	   |    |         \-- packet_tweaker 0.4.0+1.19.4
	   |    \-- polymer-registry-sync-manipulator 0.5.19+1.20.1
	   |-- polymer-resource-pack 0.5.19+1.20.1
	   |    \-- polymer-common 0.5.19+1.20.1
	   |         \-- packet_tweaker 0.4.0+1.19.4
	   |-- polymer-virtual-entity 0.5.19+1.20.1
	   |    \-- polymer-common 0.5.19+1.20.1
	   |         \-- packet_tweaker 0.4.0+1.19.4
	   |-- predicate-api 0.2.1+1.20.1
	   |-- server_translations_api 2.0.0+1.20
	   |    \-- packet_tweaker 0.4.0+1.19.4
	   \-- sgui 1.2.2+1.20
	- xaerominimap 24.2.0
[22:13:45] [main/INFO]: SpongePowered MIXIN Subsystem Version=0.8.5 Source=file:/data/libraries/net/fabricmc/sponge-mixin/0.13.3+mixin.0.8.5/sponge-mixin-0.13.3+mixin.0.8.5.jar Service=Knot/Fabric Env=SERVER
[22:13:46] [main/INFO]: Compatibility level set to JAVA_17
[22:13:49] [main/INFO]: Loaded configuration file for ModernFix 5.19.0+mc1.20.1: 60 options available, 0 override(s) found
[22:13:49] [main/INFO]: Applying Nashorn fix
[22:13:52] [main/WARN]: Error loading class: com/simibubi/create/content/kinetics/base/BlockBreakingKineticBlockEntity (java.lang.ClassNotFoundException: com/simibubi/create/content/kinetics/base/BlockBreakingKineticBlockEntity)
[22:13:53] [main/INFO]: Initializing MixinExtras via com.llamalad7.mixinextras.service.MixinExtrasServiceImpl(version=0.3.5).
[22:14:10] [main/INFO]: Vanilla bootstrap took 15114 milliseconds
[22:14:11] [main/INFO]: [ServerCore] Loaded V1.5.1+1.20.1!
[22:14:12] [main/INFO]: Loading Xaero's Minimap - Stage 1/2 (Server)
[22:14:12] [main/INFO]: Environment: authHost='https://authserver.mojang.com', accountsHost='https://api.mojang.com', sessionHost='https://sessionserver.mojang.com', servicesHost='https://api.minecraftservices.com', name='PROD'
[22:14:12] [main/INFO]: Bypassed Mojang DFU
[22:14:18] [main/INFO]: [fabric-registry-sync] Loaded registry data [file 1/4]
[22:14:25] [main/INFO]: Loaded 7 recipes
[22:14:26] [main/INFO]: Loaded 1271 advancements
[22:14:26] [ForkJoinPool.commonPool-worker-1/INFO]: Loaded 58 translation keys
[22:14:27] [main/INFO]: Applied 0 biome modifications to 0 of 64 new biomes in 4.742 ms
[22:14:27] [Server thread/INFO]: Starting background profiler...
[22:14:29] [Server thread/INFO]: Starting minecraft server version 1.20.1
[22:14:29] [Server thread/INFO]: Loading properties
[22:14:29] [Server thread/INFO]: Default game type: SURVIVAL
[22:14:29] [Server thread/INFO]: Generating keypair
[22:14:29] [Server thread/INFO]: Starting Minecraft server on *:25565
[22:14:30] [Server thread/INFO]: Using epoll channel type
[22:14:31] [Server thread/WARN]: **** SERVER IS RUNNING IN OFFLINE/INSECURE MODE!
[22:14:31] [Server thread/WARN]: The server will make no attempt to authenticate usernames. Beware.
[22:14:31] [Server thread/WARN]: While this makes the game possible to play without internet access, it also opens up the ability for hackers to connect with any username they choose.
[22:14:31] [Server thread/WARN]: To change this, set "online-mode" to "true" in the server.properties file.
[22:14:31] [Server thread/INFO]: Preparing level "world"
[22:14:33] [Server thread/INFO]: Preparing start region for dimension minecraft:overworld
[22:14:36] [Server thread/INFO]: Preparing spawn area: 0%
[22:14:36] [Server thread/INFO]: Preparing spawn area: 0%
[22:14:36] [Server thread/INFO]: Preparing spawn area: 0%
[22:14:36] [Server thread/INFO]: Preparing spawn area: 0%
[22:14:36] [Server thread/INFO]: Preparing spawn area: 0%
[22:14:36] [Server thread/INFO]: Preparing spawn area: 0%
[22:14:36] [Server thread/INFO]: Preparing spawn area: 0%
[22:14:36] [Server thread/INFO]: Preparing spawn area: 0%
[22:14:37] [Server thread/INFO]: Preparing spawn area: 0%
[22:14:38] [Server thread/INFO]: Time elapsed: 5767 ms
[22:14:38] [Server thread/INFO]: Done (7.715s)! For help, type "help"
[22:14:38] [Server thread/INFO]: Starting remote control listener
[22:14:38] [Server thread/INFO]: Thread RCON Listener started
[22:14:38] [Server thread/INFO]: RCON running on 0.0.0.0:25575
[22:14:38] [Server thread/WARN]: Dedicated server took 63.413 seconds to load
[22:14:39] [Server thread/INFO]: Loading Xaero's Minimap - Stage 2/2 (Server)
[22:27:03] [Server thread/WARN]: handleDisconnection() called twice
[22:27:34] [RCON Listener #1/INFO]: Thread RCON Client /0:0:0:0:0:0:0:1 started
[22:27:34] [Server thread/INFO]: [Rcon: Stopping the server]
[22:27:34] [RCON Client /0:0:0:0:0:0:0:1 #2/INFO]: Thread RCON Client /0:0:0:0:0:0:0:1 shutting down
[22:27:34] [Server thread/INFO]: Stopping server
[22:27:34] [Server thread/INFO]: Saving players
[22:27:34] [Server thread/INFO]: Saving worlds
[22:27:35] [Server thread/INFO]: Saving chunks for level 'ServerLevel[world]'/minecraft:overworld
[22:27:35] [Server thread/INFO]: Saving chunks for level 'ServerLevel[world]'/minecraft:the_nether
[22:27:35] [Server thread/INFO]: Saving chunks for level 'ServerLevel[world]'/minecraft:the_end
[22:27:35] [Server thread/INFO]: ThreadedAnvilChunkStorage (world): All chunks are saved
[22:27:35] [Server thread/INFO]: ThreadedAnvilChunkStorage (DIM-1): All chunks are saved
[22:27:35] [Server thread/INFO]: ThreadedAnvilChunkStorage (DIM1): All chunks are saved
[22:27:35] [Server thread/INFO]: ThreadedAnvilChunkStorage: All dimensions are saved
[22:27:36] [Server thread/INFO]: Thread RCON Listener stopped
